鈻?Next.js 16.1.6 (Turbopack)

  Creating an optimized production build ...
node.exe : 
所在位置 行:1 字符: 1
+ & "D:\software\nvm\co
de_data\nodejs/node.exe
" "D:\software\nvm\code
_d ...
+ ~~~~~~~~~~~~~~~~~~~~~
~~~~~~~~~~~~~~~~~~~~~~~
~~~~~~~~~~~~~~~~~~~~~~~
~~
    + CategoryInfo     
         : NotSpecifi  
  ed: (:String) [],    
 RemoteException
    + FullyQualifiedEr 
   rorId : NativeComm  
  andError
 
> Build error occurred
Error: Turbopack build 
failed with 1 errors:
./src/app/settings/page
.tsx:5:1
Module not found: Can't
 resolve '@/components/
ui/label'
[0m [90m 3 |[39m [3
6mimport[39m { [33mBu
tton[39m } [36mfrom[
39m [32m"@/components/
ui/button"[39m
 [90m 4 |[39m [36mim
port[39m { [33mInput
[39m } [36mfrom[39m 
[32m"@/components/ui/in
put"[39m
[31m[1m>[22m[39m[9
0m 5 |[39m [36mimport
[39m { [33mLabel[39m
 } [36mfrom[39m [32m
"@/components/ui/label"
[39m
 [90m   |[39m [31m[
1m^[22m[39m[31m[1m^
[22m[39m[31m[1m^[2
2m[39m[31m[1m^[22m
[39m[31m[1m^[22m[39
m[31m[1m^[22m[39m[
31m[1m^[22m[39m[31m
[1m^[22m[39m[31m[1
m^[22m[39m[31m[1m^
[22m[39m[31m[1m^[22
m[39m[31m[1m^[22m[
39m[31m[1m^[22m[39m
[31m[1m^[22m[39m[3
1m[1m^[22m[39m[31m
[1m^[22m[39m[31m[1m
^[22m[39m[31m[1m^[
22m[39m[31m[1m^[22m
[39m[31m[1m^[22m[3
9m[31m[1m^[22m[39m
[31m[1m^[22m[39m[31
m[1m^[22m[39m[31m[
1m^[22m[39m[31m[1m^
[22m[39m[31m[1m^[2
2m[39m[31m[1m^[22m
[39m[31m[1m^[22m[39
m[31m[1m^[22m[39m[
31m[1m^[22m[39m[31m
[1m^[22m[39m[31m[1
m^[22m[39m[31m[1m^
[22m[39m[31m[1m^[22
m[39m[31m[1m^[22m[
39m[31m[1m^[22m[39m
[31m[1m^[22m[39m[3
1m[1m^[22m[39m[31m
[1m^[22m[39m[31m[1m
^[22m[39m[31m[1m^[
22m[39m[31m[1m^[22m
[39m[31m[1m^[22m[3
9m[31m[1m^[22m[39m
[31m[1m^[22m[39m
 [90m 6 |[39m
 [90m 7 |[39m [36mex
port[39m [36mdefault
[39m [36mfunction[39m
 [33mSettingsPage[39m
() {
 [90m 8 |[39m   [36m
return[39m ([0m

Import map: aliased to 
relative './src/compone
nts/ui/label' inside of
 [project]/


https://nextjs.org/docs
/messages/module-not-fo
und


    at <unknown> (./src
/app/settings/page.tsx:
5:1)
    at <unknown> (https
://nextjs.org/docs/mess
ages/module-not-found)
